<?xml version="1.0" encoding="UTF-8"?>
<!-- Generated by org.testng.reporters.JUnitReportReporter -->
<testsuite hostname="DESKTOP-29P57SF" failures="0" tests="1" name="tests.LoginTest" time="1.535" errors="0" timestamp="2023-01-27T14:18:17 GMT" skipped="0">
  <testcase classname="tests.LoginTest" name="loginTest" time="1.535"/>
  <system-out/>
</testsuite> <!-- tests.LoginTest -->
