<?xml version="1.0" encoding="UTF-8"?>
<!-- Generated by org.testng.reporters.JUnitReportReporter -->
<testsuite hostname="DESKTOP-29P57SF" failures="0" tests="1" name="tests.HomepageTest" time="0.588" errors="0" timestamp="2023-01-27T13:27:19 GMT" skipped="0">
  <testcase classname="tests.HomepageTest" name="homePageTest" time="0.588"/>
  <system-out/>
</testsuite> <!-- tests.HomepageTest -->
